<?xml version="1.0" encoding="UTF-8"?>
<testng-results ignored="0" total="1" passed="1" failed="0" skipped="0">
  <reporter-output>
  </reporter-output>
  <suite started-at="2023-03-04T16:11:48 IST" name="Default suite" finished-at="2023-03-04T16:11:48 IST" duration-ms="535">
    <groups>
    </groups>
    <test started-at="2023-03-04T16:11:48 IST" name="Default test" finished-at="2023-03-04T16:11:48 IST" duration-ms="535">
      <class name="com.session7.FakerDataGenerator">
        <test-method signature="testGenerateFakeData()[pri:0, instance:com.session7.FakerDataGenerator@1a18644]" started-at="2023-03-04T16:11:48 IST" name="testGenerateFakeData" finished-at="2023-03-04T16:11:48 IST" duration-ms="461" status="PASS">
          <reporter-output>
          </reporter-output>
        </test-method> <!-- testGenerateFakeData -->
      </class> <!-- com.session7.FakerDataGenerator -->
    </test> <!-- Default test -->
  </suite> <!-- Default suite -->
</testng-results>
